c:\users\roman\source\repos\kursovay\kursovay\x64\debug\vc143.pdb
c:\users\roman\source\repos\kursovay\kursovay\x64\debug\vc143.idb
c:\users\roman\source\repos\kursovay\kursovay\x64\debug\sort.obj
c:\users\roman\source\repos\kursovay\kursovay\x64\debug\search&filter.obj
c:\users\roman\source\repos\kursovay\kursovay\x64\debug\menu.obj
c:\users\roman\source\repos\kursovay\kursovay\x64\debug\main.obj
c:\users\roman\source\repos\kursovay\kursovay\x64\debug\input_output.obj
c:\users\roman\source\repos\kursovay\kursovay\x64\debug\funcwithfiles.obj
c:\users\roman\source\repos\kursovay\kursovay\x64\debug\deletestruct.obj
c:\users\roman\source\repos\kursovay\x64\debug\kursovay.exe
c:\users\roman\source\repos\kursovay\x64\debug\kursovay.pdb
c:\users\roman\source\repos\kursovay\kursovay\x64\debug\kursovay.ilk
c:\users\roman\source\repos\kursovay\kursovay\x64\debug\kursovay.tlog\cl.command.1.tlog
c:\users\roman\source\repos\kursovay\kursovay\x64\debug\kursovay.tlog\cl.items.tlog
c:\users\roman\source\repos\kursovay\kursovay\x64\debug\kursovay.tlog\cl.read.1.tlog
c:\users\roman\source\repos\kursovay\kursovay\x64\debug\kursovay.tlog\cl.write.1.tlog
c:\users\roman\source\repos\kursovay\kursovay\x64\debug\kursovay.tlog\link.command.1.tlog
c:\users\roman\source\repos\kursovay\kursovay\x64\debug\kursovay.tlog\link.read.1.tlog
c:\users\roman\source\repos\kursovay\kursovay\x64\debug\kursovay.tlog\link.secondary.1.tlog
c:\users\roman\source\repos\kursovay\kursovay\x64\debug\kursovay.tlog\link.write.1.tlog
